# JRE version: Java(TM) SE Runtime Environment (21.0.9+7) (build 21.0.9+7-LTS-338)
# Java VM: Java HotSpot(TM) 64-Bit Server VM (21.0.9+7-LTS-338, mixed mode, sharing, tiered, compressed oops, compressed class ptrs, g1 gc, windows-amd64)
GC Precious Log:
 CardTable entry size: 512
 Card Set container configuration: InlinePtr #cards 5 size 8 Array Of Cards #cards 12 size 40 Howl #buckets 4 coarsen threshold 1843 Howl Bitmap #cards 512 size 80 coarsen threshold 460 Card regions per heap region 1 cards per card region 2048
 CPUs: 4 total, 4 available
 Memory: 7967M
 Large Page Support: Disabled
 NUMA Support: Disabled
 Compressed Oops: Enabled (32-bit)
 Heap Region Size: 1M
 Heap Min Capacity: 8M
 Heap Initial Capacity: 126M
 Heap Max Capacity: 2G
 Pre-touch: Disabled
 Parallel Workers: 4
 Concurrent Workers: 1
 Concurrent Refinement Workers: 4
 Periodic GC: Disabled
Heap:
 garbage-first heap   total 86016K, used 43201K [0x0000000080000000, 0x0000000100000000)
  region size 1024K, 18 young (18432K), 5 survivors (5120K)
 Metaspace       used 34484K, committed 35456K, reserved 1114112K
  class space    used 4949K, committed 5440K, reserved 1048576K
GC Heap History (16 events):
Event: 1.012 GC heap before
{Heap before GC invocations=0 (full 0):
 garbage-first heap   total 129024K, used 13312K [0x0000000080000000, 0x0000000100000000)
  region size 1024K, 13 young (13312K), 0 survivors (0K)
 Metaspace       used 815K, committed 960K, reserved 1114112K
  class space    used 67K, committed 128K, reserved 1048576K
}
Event: 1.034 GC heap after
{Heap after GC invocations=1 (full 0):
 garbage-first heap   total 129024K, used 1194K [0x0000000080000000, 0x0000000100000000)
  region size 1024K, 2 young (2048K), 2 survivors (2048K)
 Metaspace       used 815K, committed 960K, reserved 1114112K
  class space    used 67K, committed 128K, reserved 1048576K
}
Event: 2.786 GC heap before
{Heap before GC invocations=1 (full 0):
 garbage-first heap   total 129024K, used 28842K [0x0000000080000000, 0x0000000100000000)
  region size 1024K, 27 young (27648K), 2 survivors (2048K)
 Metaspace       used 3624K, committed 3776K, reserved 1114112K
  class space    used 452K, committed 512K, reserved 1048576K
}
Event: 2.794 GC heap after
{Heap after GC invocations=2 (full 0):
 garbage-first heap   total 129024K, used 10704K [0x0000000080000000, 0x0000000100000000)
  region size 1024K, 4 young (4096K), 4 survivors (4096K)
 Metaspace       used 3624K, committed 3776K, reserved 1114112K
  class space    used 452K, committed 512K, reserved 1048576K
}
Event: 6.327 GC heap before
{Heap before GC invocations=2 (full 0):
 garbage-first heap   total 129024K, used 84432K [0x0000000080000000, 0x0000000100000000)
  region size 1024K, 75 young (76800K), 4 survivors (4096K)
 Metaspace       used 7269K, committed 7488K, reserved 1114112K
  class space    used 949K, committed 1024K, reserved 1048576K
}
Event: 6.334 GC heap after
{Heap after GC invocations=3 (full 0):
 garbage-first heap   total 129024K, used 18270K [0x0000000080000000, 0x0000000100000000)
  region size 1024K, 10 young (10240K), 10 survivors (10240K)
 Metaspace       used 7269K, committed 7488K, reserved 1114112K
  class space    used 949K, committed 1024K, reserved 1048576K
}
Event: 11.285 GC heap before
{Heap before GC invocations=3 (full 0):
 garbage-first heap   total 129024K, used 83806K [0x0000000080000000, 0x0000000100000000)
  region size 1024K, 75 young (76800K), 10 survivors (10240K)
 Metaspace       used 19314K, committed 19904K, reserved 1114112K
  class space    used 2710K, committed 3008K, reserved 1048576K
}
Event: 11.300 GC heap after
{Heap after GC invocations=4 (full 0):
 garbage-first heap   total 129024K, used 23250K [0x0000000080000000, 0x0000000100000000)
  region size 1024K, 5 young (5120K), 5 survivors (5120K)
 Metaspace       used 19314K, committed 19904K, reserved 1114112K
  class space    used 2710K, committed 3008K, reserved 1048576K
}
Event: 12.552 GC heap before
{Heap before GC invocations=4 (full 0):
 garbage-first heap   total 129024K, used 36562K [0x0000000080000000, 0x0000000100000000)
  region size 1024K, 19 young (19456K), 5 survivors (5120K)
 Metaspace       used 20834K, committed 21504K, reserved 1114112K
  class space    used 2970K, committed 3328K, reserved 1048576K
}
Event: 12.563 GC heap after
{Heap after GC invocations=5 (full 0):
 garbage-first heap   total 129024K, used 24212K [0x0000000080000000, 0x0000000100000000)
  region size 1024K, 6 young (6144K), 6 survivors (6144K)
 Metaspace       used 20834K, committed 21504K, reserved 1114112K
  class space    used 2970K, committed 3328K, reserved 1048576K
}
Event: 15.440 GC heap before
{Heap before GC invocations=6 (full 0):
 garbage-first heap   total 86016K, used 69268K [0x0000000080000000, 0x0000000100000000)
  region size 1024K, 50 young (51200K), 6 survivors (6144K)
 Metaspace       used 26979K, committed 27968K, reserved 1114112K
  class space    used 3933K, committed 4416K, reserved 1048576K
}
Event: 15.454 GC heap after
{Heap after GC invocations=7 (full 0):
 garbage-first heap   total 86016K, used 26438K [0x0000000080000000, 0x0000000100000000)
  region size 1024K, 4 young (4096K), 4 survivors (4096K)
 Metaspace       used 26979K, committed 27968K, reserved 1114112K
  class space    used 3933K, committed 4416K, reserved 1048576K
}
Event: 16.847 GC heap before
{Heap before GC invocations=7 (full 0):
 garbage-first heap   total 86016K, used 71494K [0x0000000080000000, 0x0000000100000000)
  region size 1024K, 49 young (50176K), 4 survivors (4096K)
 Metaspace       used 31995K, committed 32960K, reserved 1114112K
  class space    used 4588K, committed 5056K, reserved 1048576K
}
Event: 16.859 GC heap after
{Heap after GC invocations=8 (full 0):
 garbage-first heap   total 86016K, used 29328K [0x0000000080000000, 0x0000000100000000)
  region size 1024K, 7 young (7168K), 7 survivors (7168K)
 Metaspace       used 31995K, committed 32960K, reserved 1114112K
  class space    used 4588K, committed 5056K, reserved 1048576K
}
Event: 19.206 GC heap before
{Heap before GC invocations=8 (full 0):
 garbage-first heap   total 86016K, used 72336K [0x0000000080000000, 0x0000000100000000)
  region size 1024K, 49 young (50176K), 7 survivors (7168K)
 Metaspace       used 32999K, committed 33920K, reserved 1114112K
  class space    used 4734K, committed 5184K, reserved 1048576K
}
Event: 19.216 GC heap after
{Heap after GC invocations=9 (full 0):
 garbage-first heap   total 86016K, used 30913K [0x0000000080000000, 0x0000000100000000)
  region size 1024K, 5 young (5120K), 5 survivors (5120K)
 Metaspace       used 32999K, committed 33920K, reserved 1114112K
  class space    used 4734K, committed 5184K, reserved 1048576K
}

